<?xml version="1.0" encoding="UTF-8"?>
<!-- Generated by org.testng.reporters.JUnitReportReporter -->
<testsuite hostname="ipeenama" name="com.assignment.testrunner.TestRunner" tests="1" failures="0" timestamp="13 Jul 2020 11:14:08 GMT" time="56.693" errors="0">
  <testcase name="feature" time="56.693" classname="com.assignment.testrunner.TestRunner"/>
</testsuite> <!-- com.assignment.testrunner.TestRunner -->
