<?xml version="1.0" encoding="UTF-8"?>
<!-- Generated by org.testng.reporters.JUnitReportReporter -->
<testsuite hostname="ipeenama" name="com.assignment.testrunner.TestRunner" tests="1" failures="0" timestamp="12 Jul 2020 08:06:13 GMT" time="43.932" errors="0">
  <testcase name="feature" time="43.932" classname="com.assignment.testrunner.TestRunner"/>
</testsuite> <!-- com.assignment.testrunner.TestRunner -->
